<?xml version="1.0" encoding="UTF-8"?>
<!-- Generated by org.testng.reporters.JUnitXMLReporter -->
<testsuite ignored="2" hostname="DESKTOP-3S6OMEN" failures="0" tests="2" name="Test" time="31.547" errors="0" timestamp="2023-01-24T17:45:01 IST">
  <testcase classname="com.testscripts.demoblaze.Addtocart" name="addtocartTest" time="22.005"/>
  <testcase classname="com.testscripts.demoblaze.ContactDemoBlaze" name="contactdemoTest" time="0.961"/>
  <testcase classname="com.genericlib.demoblaze.Baseclass" name="@BeforeSuite configBSTest" time="0.0">
    <ignored/>
  </testcase> <!-- @BeforeSuite configBSTest -->
  <testcase classname="com.genericlib.demoblaze.Baseclass" name="@AfterSuite configASTest" time="0.0">
    <ignored/>
  </testcase> <!-- @AfterSuite configASTest -->
</testsuite> <!-- Test -->
