<?xml version="1.0" encoding="UTF-8"?>
<testng-results ignored="2" total="4" passed="2" failed="0" skipped="0">
  <reporter-output>
  </reporter-output>
  <suite started-at="2023-01-29T11:29:01 IST" name="Suite" finished-at="2023-01-29T11:29:42 IST" duration-ms="40610">
    <groups>
    </groups>
    <test started-at="2023-01-29T11:29:01 IST" name="Test-Runner 1" finished-at="2023-01-29T11:29:42 IST" duration-ms="40610">
      <class name="com.testscripts.demoblaze.ContactDemoBlaze">
        <test-method is-config="true" signature="configBMTest()[pri:0, instance:com.testscripts.demoblaze.ContactDemoBlaze@183ec003]" started-at="2023-01-29T11:29:34 IST" name="configBMTest" finished-at="2023-01-29T11:29:38 IST" duration-ms="4435" status="PASS">
          <reporter-output>
          </reporter-output>
        </test-method> <!-- configBMTest -->
        <test-method signature="contactdemoTest()[pri:0, instance:com.testscripts.demoblaze.ContactDemoBlaze@183ec003]" started-at="2023-01-29T11:29:38 IST" name="contactdemoTest" finished-at="2023-01-29T11:29:39 IST" duration-ms="984" status="PASS">
          <reporter-output>
          </reporter-output>
        </test-method> <!-- contactdemoTest -->
        <test-method is-config="true" signature="configAMTest()[pri:0, instance:com.testscripts.demoblaze.ContactDemoBlaze@183ec003]" started-at="2023-01-29T11:29:39 IST" name="configAMTest" finished-at="2023-01-29T11:29:42 IST" duration-ms="2715" status="PASS">
          <reporter-output>
          </reporter-output>
        </test-method> <!-- configAMTest -->
      </class> <!-- com.testscripts.demoblaze.ContactDemoBlaze -->
      <class name="com.testscripts.demoblaze.Addtocart">
        <test-method is-config="true" signature="configBSTest()[pri:0, instance:com.testscripts.demoblaze.Addtocart@268f106e]" started-at="2023-01-29T11:28:54 IST" name="configBSTest" finished-at="2023-01-29T11:29:01 IST" duration-ms="6996" status="PASS">
          <reporter-output>
          </reporter-output>
        </test-method> <!-- configBSTest -->
        <test-method is-config="true" signature="configBMTest()[pri:0, instance:com.testscripts.demoblaze.Addtocart@268f106e]" started-at="2023-01-29T11:29:02 IST" name="configBMTest" finished-at="2023-01-29T11:29:08 IST" duration-ms="6612" status="PASS">
          <reporter-output>
          </reporter-output>
        </test-method> <!-- configBMTest -->
        <test-method signature="addtocartTest()[pri:0, instance:com.testscripts.demoblaze.Addtocart@268f106e]" started-at="2023-01-29T11:29:08 IST" name="addtocartTest" finished-at="2023-01-29T11:29:32 IST" duration-ms="23640" status="PASS">
          <reporter-output>
          </reporter-output>
        </test-method> <!-- addtocartTest -->
        <test-method is-config="true" signature="configAMTest()[pri:0, instance:com.testscripts.demoblaze.Addtocart@268f106e]" started-at="2023-01-29T11:29:32 IST" name="configAMTest" finished-at="2023-01-29T11:29:34 IST" duration-ms="2133" status="PASS">
          <reporter-output>
          </reporter-output>
        </test-method> <!-- configAMTest -->
        <test-method is-config="true" signature="configASTest()[pri:0, instance:com.testscripts.demoblaze.Addtocart@268f106e]" started-at="2023-01-29T11:29:42 IST" name="configASTest" finished-at="2023-01-29T11:29:43 IST" duration-ms="1347" status="PASS">
          <reporter-output>
          </reporter-output>
        </test-method> <!-- configASTest -->
      </class> <!-- com.testscripts.demoblaze.Addtocart -->
    </test> <!-- Test-Runner 1 -->
  </suite> <!-- Suite -->
</testng-results>
